Building DAG of jobs...
Updating job create_loci_file.
Using shell: /usr/bin/bash
Provided cores: 5
Rules claiming more threads will be scaled down.
Job counts:
	count	jobs
	1	all
	1	create_loci_file
	5179	fastGear
	1	plot_pan_fastGear
	5182
Select jobs to execute...

[Thu Sep  9 13:50:03 2021]
rule fastGear:
    input: /scratch/rx32940/PMEN1/fastgear/roary_pangenome_seq
    output: /scratch/rx32940/PMEN1/fastgear/loci_fastGear_out/group_1257/output/recombinations_recent.txt, /scratch/rx32940/PMEN1/fastgear/loci_fastGear_out/group_1257/group_1257.fa
    jobid: 4687
    wildcards: locus=group_1257


[Thu Sep  9 13:50:03 2021]
rule fastGear:
    input: /scratch/rx32940/PMEN1/fastgear/roary_pangenome_seq
    output: /scratch/rx32940/PMEN1/fastgear/loci_fastGear_out/group_634/output/recombinations_recent.txt, /scratch/rx32940/PMEN1/fastgear/loci_fastGear_out/group_634/group_634.fa
    jobid: 4691
    wildcards: locus=group_634


[Thu Sep  9 13:50:03 2021]
rule fastGear:
    input: /scratch/rx32940/PMEN1/fastgear/roary_pangenome_seq
    output: /scratch/rx32940/PMEN1/fastgear/loci_fastGear_out/group_3032/output/recombinations_recent.txt, /scratch/rx32940/PMEN1/fastgear/loci_fastGear_out/group_3032/group_3032.fa
    jobid: 2997
    wildcards: locus=group_3032

[Thu Sep  9 13:50:03 2021]
Error in rule fastGear:
    jobid: 4687
    output: /scratch/rx32940/PMEN1/fastgear/loci_fastGear_out/group_1257/output/recombinations_recent.txt, /scratch/rx32940/PMEN1/fastgear/loci_fastGear_out/group_1257/group_1257.fa
    shell:
        
        LD_LIBRARY_PATH=/scratch/rx32940/PMEN1/BactPrep/resources/mcr/v901/runtime/glnxa64:/scratch/rx32940/PMEN1/BactPrep/resources/mcr/v901/bin/glnxa64:/scratch/rx32940/PMEN1/BactPrep/resources/mcr/v901/sys/os/glnxa64
        /scratch/rx32940/PMEN1/BactPrep/resources/fastGEARpackageLinux64bit/run_fastGEAR.sh /scratch/rx32940/PMEN1/BactPrep/resources/mcr/v901/ /scratch/rx32940/PMEN1/fastgear/roary_pangenome_seq/group_1257.fa.aln /scratch/rx32940/PMEN1/fastgear/loci_fastGear_out/group_1257/group_1257.mat /scratch/rx32940/PMEN1/BactPrep/resources/fastGEARpackageLinux64bit/fG_input_specs.txt 
        cp /scratch/rx32940/PMEN1/fastgear/roary_pangenome_seq/group_1257.fa.aln /scratch/rx32940/PMEN1/fastgear/loci_fastGear_out/group_1257/group_1257.fa
        
        (one of the commands exited with non-zero exit code; note that snakemake uses bash strict mode!)


[Thu Sep  9 13:50:03 2021]
rule fastGear:
    input: /scratch/rx32940/PMEN1/fastgear/roary_pangenome_seq
    output: /scratch/rx32940/PMEN1/fastgear/loci_fastGear_out/group_4343/output/recombinations_recent.txt, /scratch/rx32940/PMEN1/fastgear/loci_fastGear_out/group_4343/group_4343.fa
    jobid: 3055
    wildcards: locus=group_4343

[Thu Sep  9 13:50:03 2021]
Error in rule fastGear:
    jobid: 4691
    output: /scratch/rx32940/PMEN1/fastgear/loci_fastGear_out/group_634/output/recombinations_recent.txt, /scratch/rx32940/PMEN1/fastgear/loci_fastGear_out/group_634/group_634.fa
    shell:
        
        LD_LIBRARY_PATH=/scratch/rx32940/PMEN1/BactPrep/resources/mcr/v901/runtime/glnxa64:/scratch/rx32940/PMEN1/BactPrep/resources/mcr/v901/bin/glnxa64:/scratch/rx32940/PMEN1/BactPrep/resources/mcr/v901/sys/os/glnxa64
        /scratch/rx32940/PMEN1/BactPrep/resources/fastGEARpackageLinux64bit/run_fastGEAR.sh /scratch/rx32940/PMEN1/BactPrep/resources/mcr/v901/ /scratch/rx32940/PMEN1/fastgear/roary_pangenome_seq/group_634.fa.aln /scratch/rx32940/PMEN1/fastgear/loci_fastGear_out/group_634/group_634.mat /scratch/rx32940/PMEN1/BactPrep/resources/fastGEARpackageLinux64bit/fG_input_specs.txt 
        cp /scratch/rx32940/PMEN1/fastgear/roary_pangenome_seq/group_634.fa.aln /scratch/rx32940/PMEN1/fastgear/loci_fastGear_out/group_634/group_634.fa
        
        (one of the commands exited with non-zero exit code; note that snakemake uses bash strict mode!)


[Thu Sep  9 13:50:04 2021]
rule fastGear:
    input: /scratch/rx32940/PMEN1/fastgear/roary_pangenome_seq
    output: /scratch/rx32940/PMEN1/fastgear/loci_fastGear_out/group_1395/output/recombinations_recent.txt, /scratch/rx32940/PMEN1/fastgear/loci_fastGear_out/group_1395/group_1395.fa
    jobid: 2998
    wildcards: locus=group_1395

[Thu Sep  9 13:50:04 2021]
Error in rule fastGear:
    jobid: 2997
    output: /scratch/rx32940/PMEN1/fastgear/loci_fastGear_out/group_3032/output/recombinations_recent.txt, /scratch/rx32940/PMEN1/fastgear/loci_fastGear_out/group_3032/group_3032.fa
    shell:
        
        LD_LIBRARY_PATH=/scratch/rx32940/PMEN1/BactPrep/resources/mcr/v901/runtime/glnxa64:/scratch/rx32940/PMEN1/BactPrep/resources/mcr/v901/bin/glnxa64:/scratch/rx32940/PMEN1/BactPrep/resources/mcr/v901/sys/os/glnxa64
        /scratch/rx32940/PMEN1/BactPrep/resources/fastGEARpackageLinux64bit/run_fastGEAR.sh /scratch/rx32940/PMEN1/BactPrep/resources/mcr/v901/ /scratch/rx32940/PMEN1/fastgear/roary_pangenome_seq/group_3032.fa.aln /scratch/rx32940/PMEN1/fastgear/loci_fastGear_out/group_3032/group_3032.mat /scratch/rx32940/PMEN1/BactPrep/resources/fastGEARpackageLinux64bit/fG_input_specs.txt 
        cp /scratch/rx32940/PMEN1/fastgear/roary_pangenome_seq/group_3032.fa.aln /scratch/rx32940/PMEN1/fastgear/loci_fastGear_out/group_3032/group_3032.fa
        
        (one of the commands exited with non-zero exit code; note that snakemake uses bash strict mode!)

[Thu Sep  9 13:50:04 2021]
[Thu Sep  9 13:50:04 2021]
Error in rule fastGear:
Error in rule fastGear:
    jobid: 3055
    jobid: 2998
    output: /scratch/rx32940/PMEN1/fastgear/loci_fastGear_out/group_4343/output/recombinations_recent.txt, /scratch/rx32940/PMEN1/fastgear/loci_fastGear_out/group_4343/group_4343.fa
    output: /scratch/rx32940/PMEN1/fastgear/loci_fastGear_out/group_1395/output/recombinations_recent.txt, /scratch/rx32940/PMEN1/fastgear/loci_fastGear_out/group_1395/group_1395.fa
    shell:
        
        LD_LIBRARY_PATH=/scratch/rx32940/PMEN1/BactPrep/resources/mcr/v901/runtime/glnxa64:/scratch/rx32940/PMEN1/BactPrep/resources/mcr/v901/bin/glnxa64:/scratch/rx32940/PMEN1/BactPrep/resources/mcr/v901/sys/os/glnxa64
        /scratch/rx32940/PMEN1/BactPrep/resources/fastGEARpackageLinux64bit/run_fastGEAR.sh /scratch/rx32940/PMEN1/BactPrep/resources/mcr/v901/ /scratch/rx32940/PMEN1/fastgear/roary_pangenome_seq/group_4343.fa.aln /scratch/rx32940/PMEN1/fastgear/loci_fastGear_out/group_4343/group_4343.mat /scratch/rx32940/PMEN1/BactPrep/resources/fastGEARpackageLinux64bit/fG_input_specs.txt 
        cp /scratch/rx32940/PMEN1/fastgear/roary_pangenome_seq/group_4343.fa.aln /scratch/rx32940/PMEN1/fastgear/loci_fastGear_out/group_4343/group_4343.fa
        
        (one of the commands exited with non-zero exit code; note that snakemake uses bash strict mode!)
    shell:
        
        LD_LIBRARY_PATH=/scratch/rx32940/PMEN1/BactPrep/resources/mcr/v901/runtime/glnxa64:/scratch/rx32940/PMEN1/BactPrep/resources/mcr/v901/bin/glnxa64:/scratch/rx32940/PMEN1/BactPrep/resources/mcr/v901/sys/os/glnxa64
        /scratch/rx32940/PMEN1/BactPrep/resources/fastGEARpackageLinux64bit/run_fastGEAR.sh /scratch/rx32940/PMEN1/BactPrep/resources/mcr/v901/ /scratch/rx32940/PMEN1/fastgear/roary_pangenome_seq/group_1395.fa.aln /scratch/rx32940/PMEN1/fastgear/loci_fastGear_out/group_1395/group_1395.mat /scratch/rx32940/PMEN1/BactPrep/resources/fastGEARpackageLinux64bit/fG_input_specs.txt 
        cp /scratch/rx32940/PMEN1/fastgear/roary_pangenome_seq/group_1395.fa.aln /scratch/rx32940/PMEN1/fastgear/loci_fastGear_out/group_1395/group_1395.fa
        
        (one of the commands exited with non-zero exit code; note that snakemake uses bash strict mode!)


Shutting down, this might take some time.
Exiting because a job execution failed. Look above for error message
Complete log: /scratch/rx32940/PMEN1/BactPrep/.snakemake/log/2021-09-09T135000.035345.snakemake.log
